2026-05-11 22:40:04,906 INFO Page 1: 26 threads
2026-05-11 22:40:04,906 INFO MATCH: [G7Q7P, 9EHZX] Suchen 1-2 Tickets 🚀 Biete Beachvolleyball Kurs in Berlin 🏐
2026-05-11 22:40:04,906 WARNING Telegram not configured — printing to stdout instead
2026-05-11 22:40:05,482 INFO MATCH: Suche nach Ticket - Biete Keramikkurs <3
2026-05-11 22:40:05,487 WARNING Telegram not configured — printing to stdout instead
2026-05-11 22:40:06,063 INFO MATCH: Suche: 1x Ticket - Biete: 1x FLEA in Berlin + Ausgleichszahlung
2026-05-11 22:40:06,064 WARNING Telegram not configured — printing to stdout instead
2026-05-11 22:40:08,328 INFO Page 2: 26 threads
2026-05-11 22:40:09,993 INFO Page 3: 26 threads
2026-05-11 22:40:09,993 INFO MATCH: BIETE 2 Fusion- Tickets im Tausch gegen at.tension-Tickets!!
2026-05-11 22:40:09,993 WARNING Telegram not configured — printing to stdout instead
2026-05-11 22:40:10,568 INFO MATCH: Suche Ticket, biete unendlich viel Liebe :) 7SAJE
2026-05-11 22:40:10,568 WARNING Telegram not configured — printing to stdout instead
2026-05-11 22:40:11,140 INFO MATCH: Suche Fusion-Ticket, biete Karma + 50€ Spende - Code ZFZAE
2026-05-11 22:40:11,140 WARNING Telegram not configured — printing to stdout instead
2026-05-11 22:40:13,286 INFO Done — 6 new match(es)
MATCH: [G7Q7P, 9EHZX] Suchen 1-2 Tickets 🚀 Biete Beachvolleyball Kurs in Berlin 🏐 (https://forum.fusion-festival.de/viewtopic.php?t=80017)
MATCH: Suche nach Ticket - Biete Keramikkurs <3 (https://forum.fusion-festival.de/viewtopic.php?t=80016)
MATCH: Suche: 1x Ticket - Biete: 1x FLEA in Berlin + Ausgleichszahlung (https://forum.fusion-festival.de/viewtopic.php?t=79934)
MATCH: BIETE 2 Fusion- Tickets im Tausch gegen at.tension-Tickets!! (https://forum.fusion-festival.de/viewtopic.php?t=79827)
MATCH: Suche Ticket, biete unendlich viel Liebe :) 7SAJE (https://forum.fusion-festival.de/viewtopic.php?t=79972)
MATCH: Suche Fusion-Ticket, biete Karma + 50€ Spende - Code ZFZAE (https://forum.fusion-festival.de/viewtopic.php?t=79468)
2026-05-11 22:45:01,289 INFO Page 1: 26 threads
2026-05-11 22:45:02,938 INFO Page 2: 26 threads
2026-05-11 22:45:04,557 INFO Page 3: 26 threads
2026-05-11 22:45:06,074 INFO Done — 0 new match(es)
2026-05-11 22:50:01,226 INFO Login FAILED — continuing unauthenticated
2026-05-11 22:50:01,365 INFO Page 1: 26 threads
2026-05-11 22:50:03,032 INFO Page 2: 26 threads
2026-05-11 22:50:04,669 INFO Page 3: 26 threads
2026-05-11 22:50:06,178 INFO Done — 0 new match(es)
2026-05-11 22:55:01,187 INFO Login FAILED — continuing unauthenticated
2026-05-11 22:55:01,317 INFO Page 1: 26 threads
2026-05-11 22:55:03,006 INFO Page 2: 26 threads
2026-05-11 22:55:04,678 INFO Page 3: 26 threads
2026-05-11 22:55:06,231 INFO Done — 0 new match(es)
2026-05-11 23:00:01,305 INFO Page 1: 26 threads
2026-05-11 23:00:03,006 INFO Page 2: 26 threads
2026-05-11 23:00:04,646 INFO Page 3: 26 threads
2026-05-11 23:00:06,224 INFO Done — 0 new match(es)
2026-05-11 23:05:01,308 INFO Page 1: 26 threads
2026-05-11 23:05:02,980 INFO Page 2: 26 threads
2026-05-11 23:05:04,673 INFO Page 3: 26 threads
2026-05-11 23:05:06,239 INFO Done — 0 new match(es)
2026-05-11 23:20:01,822 INFO Page 1: 26 threads
2026-05-11 23:20:03,529 INFO Page 2: 26 threads
2026-05-11 23:20:05,217 INFO Page 3: 26 threads
2026-05-11 23:20:06,794 INFO Done — 0 new match(es)
2026-05-11 23:20:07,035 INFO Telegram sent: ℹ️ Kein neuer Treffer in diesem Durchlauf.
