2026-05-11 22:40:04,906 INFO Page 1: 26 threads
2026-05-11 22:40:04,906 INFO MATCH: [G7Q7P, 9EHZX] Suchen 1-2 Tickets 🚀 Biete Beachvolleyball Kurs in Berlin 🏐
2026-05-11 22:40:04,906 WARNING Telegram not configured — printing to stdout instead
2026-05-11 22:40:05,482 INFO MATCH: Suche nach Ticket - Biete Keramikkurs <3
2026-05-11 22:40:05,487 WARNING Telegram not configured — printing to stdout instead
2026-05-11 22:40:06,063 INFO MATCH: Suche: 1x Ticket - Biete: 1x FLEA in Berlin + Ausgleichszahlung
2026-05-11 22:40:06,064 WARNING Telegram not configured — printing to stdout instead
2026-05-11 22:40:08,328 INFO Page 2: 26 threads
2026-05-11 22:40:09,993 INFO Page 3: 26 threads
2026-05-11 22:40:09,993 INFO MATCH: BIETE 2 Fusion- Tickets im Tausch gegen at.tension-Tickets!!
2026-05-11 22:40:09,993 WARNING Telegram not configured — printing to stdout instead
2026-05-11 22:40:10,568 INFO MATCH: Suche Ticket, biete unendlich viel Liebe :) 7SAJE
2026-05-11 22:40:10,568 WARNING Telegram not configured — printing to stdout instead
2026-05-11 22:40:11,140 INFO MATCH: Suche Fusion-Ticket, biete Karma + 50€ Spende - Code ZFZAE
2026-05-11 22:40:11,140 WARNING Telegram not configured — printing to stdout instead
2026-05-11 22:40:13,286 INFO Done — 6 new match(es)
MATCH: [G7Q7P, 9EHZX] Suchen 1-2 Tickets 🚀 Biete Beachvolleyball Kurs in Berlin 🏐 (https://forum.fusion-festival.de/viewtopic.php?t=80017)
MATCH: Suche nach Ticket - Biete Keramikkurs <3 (https://forum.fusion-festival.de/viewtopic.php?t=80016)
MATCH: Suche: 1x Ticket - Biete: 1x FLEA in Berlin + Ausgleichszahlung (https://forum.fusion-festival.de/viewtopic.php?t=79934)
MATCH: BIETE 2 Fusion- Tickets im Tausch gegen at.tension-Tickets!! (https://forum.fusion-festival.de/viewtopic.php?t=79827)
MATCH: Suche Ticket, biete unendlich viel Liebe :) 7SAJE (https://forum.fusion-festival.de/viewtopic.php?t=79972)
MATCH: Suche Fusion-Ticket, biete Karma + 50€ Spende - Code ZFZAE (https://forum.fusion-festival.de/viewtopic.php?t=79468)
2026-05-11 22:45:01,289 INFO Page 1: 26 threads
2026-05-11 22:45:02,938 INFO Page 2: 26 threads
2026-05-11 22:45:04,557 INFO Page 3: 26 threads
2026-05-11 22:45:06,074 INFO Done — 0 new match(es)
2026-05-11 22:50:01,226 INFO Login FAILED — continuing unauthenticated
2026-05-11 22:50:01,365 INFO Page 1: 26 threads
2026-05-11 22:50:03,032 INFO Page 2: 26 threads
2026-05-11 22:50:04,669 INFO Page 3: 26 threads
2026-05-11 22:50:06,178 INFO Done — 0 new match(es)
2026-05-11 22:55:01,187 INFO Login FAILED — continuing unauthenticated
2026-05-11 22:55:01,317 INFO Page 1: 26 threads
2026-05-11 22:55:03,006 INFO Page 2: 26 threads
2026-05-11 22:55:04,678 INFO Page 3: 26 threads
2026-05-11 22:55:06,231 INFO Done — 0 new match(es)
2026-05-11 23:00:01,305 INFO Page 1: 26 threads
2026-05-11 23:00:03,006 INFO Page 2: 26 threads
2026-05-11 23:00:04,646 INFO Page 3: 26 threads
2026-05-11 23:00:06,224 INFO Done — 0 new match(es)
2026-05-11 23:05:01,308 INFO Page 1: 26 threads
2026-05-11 23:05:02,980 INFO Page 2: 26 threads
2026-05-11 23:05:04,673 INFO Page 3: 26 threads
2026-05-11 23:05:06,239 INFO Done — 0 new match(es)
2026-05-11 23:20:01,822 INFO Page 1: 26 threads
2026-05-11 23:20:03,529 INFO Page 2: 26 threads
2026-05-11 23:20:05,217 INFO Page 3: 26 threads
2026-05-11 23:20:06,794 INFO Done — 0 new match(es)
2026-05-11 23:20:07,035 INFO Telegram sent: ℹ️ Kein neuer Treffer in diesem Durchlauf.
2026-05-11 23:25:01,230 INFO Page 1: 26 threads
2026-05-11 23:25:02,935 INFO Page 2: 26 threads
2026-05-11 23:25:04,633 INFO Page 3: 26 threads
2026-05-11 23:25:06,220 INFO Done — 0 new match(es)
2026-05-11 23:25:06,446 INFO Telegram sent: ℹ️ Kein neuer Treffer in diesem Durchlauf.
2026-05-11 23:30:01,700 INFO Page 1: 26 threads
2026-05-11 23:30:03,399 INFO Page 2: 26 threads
2026-05-11 23:30:05,104 INFO Page 3: 26 threads
2026-05-11 23:30:06,658 INFO Done — 0 new match(es)
2026-05-11 23:30:06,845 INFO Telegram sent: ℹ️ Kein neuer Treffer in diesem Durchlauf.
2026-05-11 23:35:00,770 WARNING Login FAILED — continuing unauthenticated
2026-05-11 23:35:00,880 INFO Page 1: 26 threads
2026-05-11 23:35:02,580 INFO Page 2: 26 threads
2026-05-11 23:35:04,257 INFO Page 3: 26 threads
2026-05-11 23:35:05,833 INFO Done — 0 new match(es)
2026-05-11 23:40:03,061 INFO Login OK as torixx (sid=51c8278e...)
2026-05-11 23:40:03,168 INFO Page 1: 26 threads
2026-05-11 23:40:03,168 INFO MATCH: [G7Q7P, 9EHZX] Suchen 1-2 Tickets 🚀 Biete Beachvolleyball Kurs in Berlin 🏐
2026-05-11 23:40:03,327 INFO Telegram sent: 🎪 *Fusion Forum — neuer Treffer*

*[G7Q7P, 9EHZX] Suchen 1-2
2026-05-11 23:40:06,547 WARNING Reply may have failed for t=80017 (status 200)
2026-05-11 23:40:08,805 INFO Page 2: 26 threads
2026-05-11 23:40:10,448 INFO Page 3: 26 threads
2026-05-11 23:40:11,992 INFO Done — 1 new match(es)
2026-05-11 23:45:03,553 INFO Login OK as torixaser (sid=74d3bcf4...)
2026-05-11 23:45:03,653 INFO Page 1: 26 threads
2026-05-11 23:45:05,276 INFO Page 2: 26 threads
2026-05-11 23:45:06,962 INFO Page 3: 26 threads
2026-05-11 23:45:08,525 INFO Done — 0 new match(es)
2026-05-11 23:50:03,843 INFO Login OK as torixaser (sid=808af2e4...)
2026-05-11 23:50:03,965 INFO Page 1: 26 threads
2026-05-11 23:50:05,601 INFO Page 2: 26 threads
2026-05-11 23:50:07,296 INFO Page 3: 26 threads
2026-05-11 23:50:08,839 INFO Done — 0 new match(es)
2026-05-11 23:55:03,312 INFO Login OK as torixaser (sid=8a020c54...)
2026-05-11 23:55:03,414 INFO Page 1: 26 threads
2026-05-11 23:55:05,042 INFO Page 2: 26 threads
2026-05-11 23:55:06,721 INFO Page 3: 26 threads
2026-05-11 23:55:08,244 INFO Done — 0 new match(es)
2026-05-12 00:00:03,822 INFO Login OK as torixaser (sid=6b8de45f...)
2026-05-12 00:00:03,926 INFO Page 1: 26 threads
2026-05-12 00:00:05,609 INFO Page 2: 26 threads
2026-05-12 00:00:07,280 INFO Page 3: 26 threads
2026-05-12 00:00:08,858 INFO Done — 0 new match(es)
2026-05-12 00:05:03,348 INFO Login OK as torixaser (sid=bf15451b...)
2026-05-12 00:05:03,457 INFO Page 1: 26 threads
2026-05-12 00:05:05,088 INFO Page 2: 26 threads
2026-05-12 00:05:06,775 INFO Page 3: 26 threads
2026-05-12 00:05:08,300 INFO Done — 0 new match(es)
2026-05-12 00:10:03,651 INFO Login OK as torixaser (sid=9576aff7...)
2026-05-12 00:10:03,759 INFO Page 1: 26 threads
2026-05-12 00:10:05,393 INFO Page 2: 26 threads
2026-05-12 00:10:07,046 INFO Page 3: 26 threads
2026-05-12 00:10:08,574 INFO Done — 0 new match(es)
2026-05-12 00:15:03,953 INFO Login OK as torixaser (sid=499d7162...)
2026-05-12 00:15:04,058 INFO Page 1: 26 threads
2026-05-12 00:15:04,059 INFO MATCH: [G7Q7P, 9EHZX] Suchen 1-2 Tickets 🚀 Biete Beachvolleyball Kurs in Berlin 🏐
2026-05-12 00:15:04,192 INFO Telegram sent: 🎪 *Fusion Forum — neuer Treffer*

*[G7Q7P, 9EHZX] Suchen 1-2
2026-05-12 00:15:06,447 INFO Page 2: 26 threads
2026-05-12 00:15:08,052 INFO Page 3: 26 threads
2026-05-12 00:15:09,628 INFO Done — 1 new match(es)
2026-05-12 00:20:03,977 INFO Login OK as torixaser (sid=b7405184...)
2026-05-12 00:20:04,091 INFO Page 1: 26 threads
2026-05-12 00:20:05,705 INFO Page 2: 26 threads
2026-05-12 00:20:07,364 INFO Page 3: 26 threads
2026-05-12 00:20:08,935 INFO Done — 0 new match(es)
